<?xml version="1.0" encoding="UTF-8"?>
<testsuites name="@dxos/messaging-monitor tests" time="1.302" tests="2" failures="0">
  <testsuite name="Root Suite" timestamp="2023-03-31T21:39:28" tests="0" time="0.000" failures="0">
  </testsuite>
  <testsuite name="Messenger" timestamp="2023-03-31T21:39:28" tests="2" file="/home/jdw/Code/dxos/dxos/tools/monitors/messaging-monitor/test/messaging.test.ts" time="1.301" failures="0">
    <testcase name="Messenger Message between peers" time="0.529" classname="Message between peers">
    </testcase>
    <testcase name="Messenger Message between multiple peers" time="0.765" classname="Message between multiple peers">
    </testcase>
  </testsuite>
</testsuites>